<?xml version="1.0" encoding="UTF-8"?>
<testng-results ignored="0" total="1" passed="1" failed="0" skipped="0">
  <reporter-output>
  </reporter-output>
  <suite started-at="2024-06-02T08:10:42 IST" name="Default suite" finished-at="2024-06-02T08:10:42 IST" duration-ms="230">
    <groups>
    </groups>
    <test started-at="2024-06-02T08:10:42 IST" name="Default test" finished-at="2024-06-02T08:10:42 IST" duration-ms="230">
      <class name="practiceTests">
        <test-method signature="m1()[pri:0, instance:practiceTests@479460a6]" started-at="2024-06-02T08:10:42 IST" name="m1" finished-at="2024-06-02T08:10:42 IST" duration-ms="88" status="PASS">
          <reporter-output>
          </reporter-output>
        </test-method> <!-- m1 -->
      </class> <!-- practiceTests -->
    </test> <!-- Default test -->
  </suite> <!-- Default suite -->
</testng-results>
